{
  "stats": {
    "suites": 1,
    "tests": 1,
    "passes": 1,
    "pending": 0,
    "failures": 0,
    "start": "2023-11-16T06:17:09.872Z",
    "end": "2023-11-16T06:17:12.033Z",
    "duration": 2161,
    "testsRegistered": 1,
    "passPercent": 100,
    "pendingPercent": 0,
    "other": 0,
    "hasOther": false,
    "skipped": 0,
    "hasSkipped": false
  },
  "results": [
    {
      "uuid": "4b59b65a-1c07-4e1a-a8ee-140998658d7e",
      "title": "",
      "fullFile": "/Users/mikesunhaki/Documents/Yoripe/api-test-2/tests/api_sprint1.js",
      "file": "/tests/api_sprint1.js",
      "beforeHooks": [],
      "afterHooks": [],
      "tests": [],
      "suites": [
        {
          "uuid": "9c2f6c27-1c24-47c3-b815-17747a8b6695",
          "title": "Sprint 1",
          "fullFile": "/Users/mikesunhaki/Documents/Yoripe/api-test-2/tests/api_sprint1.js",
          "file": "/tests/api_sprint1.js",
          "beforeHooks": [],
          "afterHooks": [],
          "tests": [
            {
              "title": "@sprint1-TS001 GET List group in home page",
              "fullTitle": "Sprint 1 @sprint1-TS001 GET List group in home page",
              "timedOut": false,
              "duration": 2146,
              "state": "passed",
              "speed": "slow",
              "pass": true,
              "fail": false,
              "pending": false,
              "context": null,
              "code": "const res = await getpage.getAPI(global.token.Token)\nexpect(res).to.have.status(200)\nconsole.log(res.body)\n//expect(res.body.rooms[0].title).to.be.equal('ABC123')",
              "err": {},
              "uuid": "637e2397-0ac8-4aaf-9e18-63007ca2ca1e",
              "parentUUID": "9c2f6c27-1c24-47c3-b815-17747a8b6695",
              "isHook": false,
              "skipped": false
            }
          ],
          "suites": [],
          "passes": [
            "637e2397-0ac8-4aaf-9e18-63007ca2ca1e"
          ],
          "failures": [],
          "pending": [],
          "skipped": [],
          "duration": 2146,
          "root": false,
          "rootEmpty": false,
          "_timeout": 30000
        }
      ],
      "passes": [],
      "failures": [],
      "pending": [],
      "skipped": [],
      "duration": 0,
      "root": true,
      "rootEmpty": true,
      "_timeout": 30000
    }
  ],
  "meta": {
    "mocha": {
      "version": "10.2.0"
    },
    "mochawesome": {
      "options": {
        "quiet": false,
        "reportFilename": "mochawesome",
        "saveHtml": true,
        "saveJson": true,
        "consoleReporter": "spec",
        "useInlineDiffs": false,
        "code": true
      },
      "version": "7.1.3"
    },
    "marge": {
      "options": null,
      "version": "6.2.0"
    }
  }
}